\BOOKMARK [1][-]{section.1}{1\040Introduction}{}% 1
\BOOKMARK [1][-]{section.2}{2\040The\040data}{}% 2
\BOOKMARK [1][-]{section.3}{3\040Preprocessing}{}% 3
\BOOKMARK [1][-]{section.4}{4\040Methods}{}% 4
\BOOKMARK [2][-]{subsection.4.1}{4.1\040Distributed\040file\040loading}{section.4}% 5
\BOOKMARK [2][-]{subsection.4.2}{4.2\040Feature\040hashing}{section.4}% 6
\BOOKMARK [2][-]{subsection.4.3}{4.3\040K-means\040clustering}{section.4}% 7
\BOOKMARK [3][-]{subsubsection.4.3.1}{4.3.1\040Serial}{subsection.4.3}% 8
\BOOKMARK [3][-]{subsubsection.4.3.2}{4.3.2\040Distributed}{subsection.4.3}% 9
\BOOKMARK [3][-]{subsubsection.4.3.3}{4.3.3\040Implementation}{subsection.4.3}% 10
\BOOKMARK [2][-]{subsection.4.4}{4.4\040Distributed\040decision\040tree\040ensemble}{section.4}% 11
\BOOKMARK [3][-]{subsubsection.4.4.1}{4.4.1\040Implementation}{subsection.4.4}% 12
\BOOKMARK [2][-]{subsection.4.5}{4.5\040Parallel\040processing}{section.4}% 13
\BOOKMARK [1][-]{section.5}{5\040Results}{}% 14
\BOOKMARK [1][-]{section.6}{6\040Discussion}{}% 15
\BOOKMARK [1][-]{section.7}{7\040Conclusion}{}% 16
\BOOKMARK [1][-]{appendix.A}{A\040Code\040snippets}{}% 17
\BOOKMARK [2][-]{subsection.A.1}{A.1\040Preprocess\040text}{appendix.A}% 18
\BOOKMARK [2][-]{subsection.A.2}{A.2\040Distributed\040K-means}{appendix.A}% 19
\BOOKMARK [2][-]{subsection.A.3}{A.3\040Distributed\040decision\040trees\040ensemble\040algorithm}{appendix.A}% 20
\BOOKMARK [2][-]{subsection.A.4}{A.4\040Helper\040functions}{appendix.A}% 21
\BOOKMARK [2][-]{subsection.A.5}{A.5\040Config\040file}{appendix.A}% 22
\BOOKMARK [2][-]{subsection.A.6}{A.6\040Preprocess\040file}{appendix.A}% 23
\BOOKMARK [2][-]{subsection.A.7}{A.7\040Transform\040file}{appendix.A}% 24
\BOOKMARK [2][-]{subsection.A.8}{A.8\040Evaluate\040file}{appendix.A}% 25
\BOOKMARK [2][-]{subsection.A.9}{A.9\040Evaluate\040trees\040file}{appendix.A}% 26
